Arguments: 
  C:\Program Files\nodejs\node.exe C:\Program Files (x86)\Yarn\bin\yarn.js add @material-ui/core/styles

PATH: 
  C:\windows\system32;C:\windows;C:\windows\System32\Wbem;C:\windows\System32\WindowsPowerShell\v1.0\;C:\windows\System32\OpenSSH\;C:\Program Files\dotnet\;C:\Program Files\Git\cmd;C:\Program Files\Microsoft SQL Server\130\Tools\Binn\;C:\Program Files\Microsoft SQL Server\Client SDK\ODBC\170\Tools\Binn\;C:\ProgramData\chocolatey\bin;C:\Program Files (x86)\dotnet\;C:\Program Files\nodejs\;C:\Program Files (x86)\Yarn\bin\;C:\Users\ideri\AppData\Roaming\npm;C:\windows\system32;C:\windows;C:\windows\System32\Wbem;C:\windows\System32\WindowsPowerShell\v1.0\;C:\windows\System32\OpenSSH\;C:\Program Files\dotnet\;C:\Program Files\Git\cmd;C:\Program Files\Microsoft SQL Server\130\Tools\Binn\;C:\Program Files\Microsoft SQL Server\Client SDK\ODBC\170\Tools\Binn\;C:\ProgramData\chocolatey\bin;C:\Program Files (x86)\dotnet\;C:\Program Files\nodejs\;C:\Program Files (x86)\Yarn\bin\;C:\Users\ideri\AppData\Local\Microsoft\WindowsApps;C:\Users\ideri\.dotnet\tools;C:\Users\ideri\AppData\Local\Programs\Microsoft VS Code\bin;C:\Users\ideri\AppData\Roaming\npm;C:\Users\ideri\AppData\Local\Yarn\bin

Yarn version: 
  1.22.5

Node version: 
  16.9.1

Platform: 
  win32 x64

Trace: 
  Error: https://registry.yarnpkg.com/@material-ui%2fcore/styles: Request "https://registry.yarnpkg.com/@material-ui%2fcore/styles" returned a 405
      at Request.params.callback [as _callback] (C:\Program Files (x86)\Yarn\lib\cli.js:66106:18)
      at Request.self.callback (C:\Program Files (x86)\Yarn\lib\cli.js:140749:22)
      at Request.emit (node:events:394:28)
      at Request.<anonymous> (C:\Program Files (x86)\Yarn\lib\cli.js:141721:10)
      at Request.emit (node:events:394:28)
      at IncomingMessage.<anonymous> (C:\Program Files (x86)\Yarn\lib\cli.js:141643:12)
      at Object.onceWrapper (node:events:513:28)
      at IncomingMessage.emit (node:events:406:35)
      at endReadableNT (node:internal/streams/readable:1343:12)
      at processTicksAndRejections (node:internal/process/task_queues:83:21)

npm manifest: 
  {
    "name": "cosell",
    "version": "0.0.0",
    "scripts": {
      "dev": "vite",
      "start": "vite",
      "build": "tsc && vite build",
      "serve": "vite preview"
    },
    "dependencies": {
      "@emotion/react": "^11.5.0",
      "@emotion/styled": "^11.3.0",
      "@mui/material": "^5.0.4",
      "@types/react-router-dom": "^5.3.1",
      "react": "^17.0.0",
      "react-dom": "^17.0.0",
      "react-router-dom": "^5.3.0"
    },
    "devDependencies": {
      "@types/react": "^17.0.0",
      "@types/react-dom": "^17.0.0",
      "@vitejs/plugin-react": "^1.0.0",
      "typescript": "^4.3.2",
      "vite": "^2.6.4"
    }
  }

yarn manifest: 
  No manifest

Lockfile: 
  # THIS IS AN AUTOGENERATED FILE. DO NOT EDIT THIS FILE DIRECTLY.
  # yarn lockfile v1
  
  
  "@babel/code-frame@^7.0.0", "@babel/code-frame@^7.14.5", "@babel/code-frame@^7.15.8":
    "integrity" "sha512-2IAnmn8zbvC/jKYhq5Ki9I+DwjlrtMPUCH/CpHvqI4dNnlwHwsxoIhlc8WcYY5LSYknXQtAlFYuHfqAFCvQ4Wg=="
    "resolved" "https://registry.npmjs.org/@babel/code-frame/-/code-frame-7.15.8.tgz"
    "version" "7.15.8"
    dependencies:
      "@babel/highlight" "^7.14.5"
  
  "@babel/compat-data@^7.15.0":
    "integrity" "sha512-0NqAC1IJE0S0+lL1SWFMxMkz1pKCNCjI4tr2Zx4LJSXxCLAdr6KyArnY+sno5m3yH9g737ygOyPABDsnXkpxiA=="
    "resolved" "https://registry.npmjs.org/@babel/compat-data/-/compat-data-7.15.0.tgz"
    "version" "7.15.0"
  
  "@babel/core@^7.0.0", "@babel/core@^7.0.0-0", "@babel/core@^7.15.5":
    "integrity" "sha512-3UG9dsxvYBMYwRv+gS41WKHno4K60/9GPy1CJaH6xy3Elq8CTtvtjT5R5jmNhXfCYLX2mTw+7/aq5ak/gOE0og=="
    "resolved" "https://registry.npmjs.org/@babel/core/-/core-7.15.8.tgz"
    "version" "7.15.8"
    dependencies:
      "@babel/code-frame" "^7.15.8"
      "@babel/generator" "^7.15.8"
      "@babel/helper-compilation-targets" "^7.15.4"
      "@babel/helper-module-transforms" "^7.15.8"
      "@babel/helpers" "^7.15.4"
      "@babel/parser" "^7.15.8"
      "@babel/template" "^7.15.4"
      "@babel/traverse" "^7.15.4"
      "@babel/types" "^7.15.6"
      "convert-source-map" "^1.7.0"
      "debug" "^4.1.0"
      "gensync" "^1.0.0-beta.2"
      "json5" "^2.1.2"
      "semver" "^6.3.0"
      "source-map" "^0.5.0"
  
  "@babel/generator@^7.15.4", "@babel/generator@^7.15.8":
    "integrity" "sha512-ECmAKstXbp1cvpTTZciZCgfOt6iN64lR0d+euv3UZisU5awfRawOvg07Utn/qBGuH4bRIEZKrA/4LzZyXhZr8g=="
    "resolved" "https://registry.npmjs.org/@babel/generator/-/generator-7.15.8.tgz"
    "version" "7.15.8"
    dependencies:
      "@babel/types" "^7.15.6"
      "jsesc" "^2.5.1"
      "source-map" "^0.5.0"
  
  "@babel/helper-annotate-as-pure@^7.14.5":
    "integrity" "sha512-QwrtdNvUNsPCj2lfNQacsGSQvGX8ee1ttrBrcozUP2Sv/jylewBP/8QFe6ZkBsC8T/GYWonNAWJV4aRR9AL2DA=="
    "resolved" "https://registry.npmjs.org/@babel/helper-annotate-as-pure/-/helper-annotate-as-pure-7.15.4.tgz"
    "version" "7.15.4"
    dependencies:
      "@babel/types" "^7.15.4"
  
  "@babel/helper-compilation-targets@^7.15.4":
    "integrity" "sha512-rMWPCirulnPSe4d+gwdWXLfAXTTBj8M3guAf5xFQJ0nvFY7tfNAFnWdqaHegHlgDZOCT4qvhF3BYlSJag8yhqQ=="
    "resolved" "https://registry.npmjs.org/@babel/helper-compilation-targets/-/helper-compilation-targets-7.15.4.tgz"
    "version" "7.15.4"
    dependencies:
      "@babel/compat-data" "^7.15.0"
      "@babel/helper-validator-option" "^7.14.5"
      "browserslist" "^4.16.6"
      "semver" "^6.3.0"
  
  "@babel/helper-function-name@^7.15.4":
    "integrity" "sha512-Z91cOMM4DseLIGOnog+Z8OI6YseR9bua+HpvLAQ2XayUGU+neTtX+97caALaLdyu53I/fjhbeCnWnRH1O3jFOw=="
    "resolved" "https://registry.npmjs.org/@babel/helper-function-name/-/helper-function-name-7.15.4.tgz"
    "version" "7.15.4"
    dependencies:
      "@babel/helper-get-function-arity" "^7.15.4"
      "@babel/template" "^7.15.4"
      "@babel/types" "^7.15.4"
  
  "@babel/helper-get-function-arity@^7.15.4":
    "integrity" "sha512-1/AlxSF92CmGZzHnC515hm4SirTxtpDnLEJ0UyEMgTMZN+6bxXKg04dKhiRx5Enel+SUA1G1t5Ed/yQia0efrA=="
    "resolved" "https://registry.npmjs.org/@babel/helper-get-function-arity/-/helper-get-function-arity-7.15.4.tgz"
    "version" "7.15.4"
    dependencies:
      "@babel/types" "^7.15.4"
  
  "@babel/helper-hoist-variables@^7.15.4":
    "integrity" "sha512-VTy085egb3jUGVK9ycIxQiPbquesq0HUQ+tPO0uv5mPEBZipk+5FkRKiWq5apuyTE9FUrjENB0rCf8y+n+UuhA=="
    "resolved" "https://registry.npmjs.org/@babel/helper-hoist-variables/-/helper-hoist-variables-7.15.4.tgz"
    "version" "7.15.4"
    dependencies:
      "@babel/types" "^7.15.4"
  
  "@babel/helper-member-expression-to-functions@^7.15.4":
    "integrity" "sha512-cokOMkxC/BTyNP1AlY25HuBWM32iCEsLPI4BHDpJCHHm1FU2E7dKWWIXJgQgSFiu4lp8q3bL1BIKwqkSUviqtA=="
    "resolved" "https://registry.npmjs.org/@babel/helper-member-expression-to-functions/-/helper-member-expression-to-functions-7.15.4.tgz"
    "version" "7.15.4"
    dependencies:
      "@babel/types" "^7.15.4"
  
  "@babel/helper-module-imports@^7.12.13", "@babel/helper-module-imports@^7.14.5", "@babel/helper-module-imports@^7.15.4":
    "integrity" "sha512-jeAHZbzUwdW/xHgHQ3QmWR4Jg6j15q4w/gCfwZvtqOxoo5DKtLHk8Bsf4c5RZRC7NmLEs+ohkdq8jFefuvIxAA=="
    "resolved" "https://registry.npmjs.org/@babel/helper-module-imports/-/helper-module-imports-7.15.4.tgz"
    "version" "7.15.4"
    dependencies:
      "@babel/types" "^7.15.4"
  
  "@babel/helper-module-transforms@^7.15.8":
    "integrity" "sha512-DfAfA6PfpG8t4S6npwzLvTUpp0sS7JrcuaMiy1Y5645laRJIp/LiLGIBbQKaXSInK8tiGNI7FL7L8UvB8gdUZg=="
    "resolved" "https://registry.npmjs.org/@babel/helper-module-transforms/-/helper-module-transforms-7.15.8.tgz"
    "version" "7.15.8"
    dependencies:
      "@babel/helper-module-imports" "^7.15.4"
      "@babel/helper-replace-supers" "^7.15.4"
      "@babel/helper-simple-access" "^7.15.4"
      "@babel/helper-split-export-declaration" "^7.15.4"
      "@babel/helper-validator-identifier" "^7.15.7"
      "@babel/template" "^7.15.4"
      "@babel/traverse" "^7.15.4"
      "@babel/types" "^7.15.6"
  
  "@babel/helper-optimise-call-expression@^7.15.4":
    "integrity" "sha512-E/z9rfbAOt1vDW1DR7k4SzhzotVV5+qMciWV6LaG1g4jeFrkDlJedjtV4h0i4Q/ITnUu+Pk08M7fczsB9GXBDw=="
    "resolved" "https://registry.npmjs.org/@babel/helper-optimise-call-expression/-/helper-optimise-call-expression-7.15.4.tgz"
    "version" "7.15.4"
    dependencies:
      "@babel/types" "^7.15.4"
  
  "@babel/helper-plugin-utils@^7.14.5":
    "integrity" "sha512-/37qQCE3K0vvZKwoK4XU/irIJQdIfCJuhU5eKnNxpFDsOkgFaUAwbv+RYw6eYgsC0E4hS7r5KqGULUogqui0fQ=="
    "resolved" "https://registry.npmjs.org/@babel/helper-plugin-utils/-/helper-plugin-utils-7.14.5.tgz"
    "version" "7.14.5"
  
  "@babel/helper-replace-supers@^7.15.4":
    "integrity" "sha512-/ztT6khaXF37MS47fufrKvIsiQkx1LBRvSJNzRqmbyeZnTwU9qBxXYLaaT/6KaxfKhjs2Wy8kG8ZdsFUuWBjzw=="
    "resolved" "https://registry.npmjs.org/@babel/helper-replace-supers/-/helper-replace-supers-7.15.4.tgz"
    "version" "7.15.4"
    dependencies:
      "@babel/helper-member-expression-to-functions" "^7.15.4"
      "@babel/helper-optimise-call-expression" "^7.15.4"
      "@babel/traverse" "^7.15.4"
      "@babel/types" "^7.15.4"
  
  "@babel/helper-simple-access@^7.15.4":
    "integrity" "sha512-UzazrDoIVOZZcTeHHEPYrr1MvTR/K+wgLg6MY6e1CJyaRhbibftF6fR2KU2sFRtI/nERUZR9fBd6aKgBlIBaPg=="
    "resolved" "https://registry.npmjs.org/@babel/helper-simple-access/-/helper-simple-access-7.15.4.tgz"
    "version" "7.15.4"
    dependencies:
      "@babel/types" "^7.15.4"
  
  "@babel/helper-split-export-declaration@^7.15.4":
    "integrity" "sha512-HsFqhLDZ08DxCpBdEVtKmywj6PQbwnF6HHybur0MAnkAKnlS6uHkwnmRIkElB2Owpfb4xL4NwDmDLFubueDXsw=="
    "resolved" "https://registry.npmjs.org/@babel/helper-split-export-declaration/-/helper-split-export-declaration-7.15.4.tgz"
    "version" "7.15.4"
    dependencies:
      "@babel/types" "^7.15.4"
  
  "@babel/helper-validator-identifier@^7.14.5", "@babel/helper-validator-identifier@^7.14.9", "@babel/helper-validator-identifier@^7.15.7":
    "integrity" "sha512-K4JvCtQqad9OY2+yTU8w+E82ywk/fe+ELNlt1G8z3bVGlZfn/hOcQQsUhGhW/N+tb3fxK800wLtKOE/aM0m72w=="
    "resolved" "https://registry.npmjs.org/@babel/helper-validator-identifier/-/helper-validator-identifier-7.15.7.tgz"
    "version" "7.15.7"
  
  "@babel/helper-validator-option@^7.14.5":
    "integrity" "sha512-OX8D5eeX4XwcroVW45NMvoYaIuFI+GQpA2a8Gi+X/U/cDUIRsV37qQfF905F0htTRCREQIB4KqPeaveRJUl3Ow=="
    "resolved" "https://registry.npmjs.org/@babel/helper-validator-option/-/helper-validator-option-7.14.5.tgz"
    "version" "7.14.5"
  
  "@babel/helpers@^7.15.4":
    "integrity" "sha512-V45u6dqEJ3w2rlryYYXf6i9rQ5YMNu4FLS6ngs8ikblhu2VdR1AqAd6aJjBzmf2Qzh6KOLqKHxEN9+TFbAkAVQ=="
    "resolved" "https://registry.npmjs.org/@babel/helpers/-/helpers-7.15.4.tgz"
    "version" "7.15.4"
    dependencies:
      "@babel/template" "^7.15.4"
      "@babel/traverse" "^7.15.4"
      "@babel/types" "^7.15.4"
  
  "@babel/highlight@^7.14.5":
    "integrity" "sha512-qf9u2WFWVV0MppaL877j2dBtQIDgmidgjGk5VIMw3OadXvYaXn66U1BFlH2t4+t3i+8PhedppRv+i40ABzd+gg=="
    "resolved" "https://registry.npmjs.org/@babel/highlight/-/highlight-7.14.5.tgz"
    "version" "7.14.5"
    dependencies:
      "@babel/helper-validator-identifier" "^7.14.5"
      "chalk" "^2.0.0"
      "js-tokens" "^4.0.0"
  
  "@babel/parser@^7.15.4", "@babel/parser@^7.15.8":
    "integrity" "sha512-BRYa3wcQnjS/nqI8Ac94pYYpJfojHVvVXJ97+IDCImX4Jc8W8Xv1+47enbruk+q1etOpsQNwnfFcNGw+gtPGxA=="
    "resolved" "https://registry.npmjs.org/@babel/parser/-/parser-7.15.8.tgz"
    "version" "7.15.8"
  
  "@babel/plugin-syntax-jsx@^7.12.13", "@babel/plugin-syntax-jsx@^7.14.5":
    "integrity" "sha512-ohuFIsOMXJnbOMRfX7/w7LocdR6R7whhuRD4ax8IipLcLPlZGJKkBxgHp++U4N/vKyU16/YDQr2f5seajD3jIw=="
    "resolved" "https://registry.npmjs.org/@babel/plugin-syntax-jsx/-/plugin-syntax-jsx-7.14.5.tgz"
    "version" "7.14.5"
    dependencies:
      "@babel/helper-plugin-utils" "^7.14.5"
  
  "@babel/plugin-transform-react-jsx-development@^7.14.5":
    "integrity" "sha512-rdwG/9jC6QybWxVe2UVOa7q6cnTpw8JRRHOxntG/h6g/guAOe6AhtQHJuJh5FwmnXIT1bdm5vC2/5huV8ZOorQ=="
    "resolved" "https://registry.npmjs.org/@babel/plugin-transform-react-jsx-development/-/plugin-transform-react-jsx-development-7.14.5.tgz"
    "version" "7.14.5"
    dependencies:
      "@babel/plugin-transform-react-jsx" "^7.14.5"
  
  "@babel/plugin-transform-react-jsx-self@^7.14.9":
    "integrity" "sha512-Fqqu0f8zv9W+RyOnx29BX/RlEsBRANbOf5xs5oxb2aHP4FKbLXxIaVPUiCti56LAR1IixMH4EyaixhUsKqoBHw=="
    "resolved" "https://registry.npmjs.org/@babel/plugin-transform-react-jsx-self/-/plugin-transform-react-jsx-self-7.14.9.tgz"
    "version" "7.14.9"
    dependencies:
      "@babel/helper-plugin-utils" "^7.14.5"
  
  "@babel/plugin-transform-react-jsx-source@^7.14.5":
    "integrity" "sha512-1TpSDnD9XR/rQ2tzunBVPThF5poaYT9GqP+of8fAtguYuI/dm2RkrMBDemsxtY0XBzvW7nXjYM0hRyKX9QYj7Q=="
    "resolved" "https://registry.npmjs.org/@babel/plugin-transform-react-jsx-source/-/plugin-transform-react-jsx-source-7.14.5.tgz"
    "version" "7.14.5"
    dependencies:
      "@babel/helper-plugin-utils" "^7.14.5"
  
  "@babel/plugin-transform-react-jsx@^7.14.5", "@babel/plugin-transform-react-jsx@^7.14.9":
    "integrity" "sha512-30PeETvS+AeD1f58i1OVyoDlVYQhap/K20ZrMjLmmzmC2AYR/G43D4sdJAaDAqCD3MYpSWbmrz3kES158QSLjw=="
    "resolved" "https://registry.npmjs.org/@babel/plugin-transform-react-jsx/-/plugin-transform-react-jsx-7.14.9.tgz"
    "version" "7.14.9"
    dependencies:
      "@babel/helper-annotate-as-pure" "^7.14.5"
      "@babel/helper-module-imports" "^7.14.5"
      "@babel/helper-plugin-utils" "^7.14.5"
      "@babel/plugin-syntax-jsx" "^7.14.5"
      "@babel/types" "^7.14.9"
  
  "@babel/runtime@^7.1.2", "@babel/runtime@^7.12.1", "@babel/runtime@^7.12.13", "@babel/runtime@^7.13.10", "@babel/runtime@^7.15.4", "@babel/runtime@^7.5.5", "@babel/runtime@^7.7.2", "@babel/runtime@^7.8.7":
    "integrity" "sha512-99catp6bHCaxr4sJ/DbTGgHS4+Rs2RVd2g7iOap6SLGPDknRK9ztKNsE/Fg6QhSeh1FGE5f6gHGQmvvn3I3xhw=="
    "resolved" "https://registry.npmjs.org/@babel/runtime/-/runtime-7.15.4.tgz"
    "version" "7.15.4"
    dependencies:
      "regenerator-runtime" "^0.13.4"
  
  "@babel/template@^7.15.4":
    "integrity" "sha512-UgBAfEa1oGuYgDIPM2G+aHa4Nlo9Lh6mGD2bDBGMTbYnc38vulXPuC1MGjYILIEmlwl6Rd+BPR9ee3gm20CBtg=="
    "resolved" "https://registry.npmjs.org/@babel/template/-/template-7.15.4.tgz"
    "version" "7.15.4"
    dependencies:
      "@babel/code-frame" "^7.14.5"
      "@babel/parser" "^7.15.4"
      "@babel/types" "^7.15.4"
  
  "@babel/traverse@^7.15.4":
    "integrity" "sha512-W6lQD8l4rUbQR/vYgSuCAE75ADyyQvOpFVsvPPdkhf6lATXAsQIG9YdtOcu8BB1dZ0LKu+Zo3c1wEcbKeuhdlA=="
    "resolved" "https://registry.npmjs.org/@babel/traverse/-/traverse-7.15.4.tgz"
    "version" "7.15.4"
    dependencies:
      "@babel/code-frame" "^7.14.5"
      "@babel/generator" "^7.15.4"
      "@babel/helper-function-name" "^7.15.4"
      "@babel/helper-hoist-variables" "^7.15.4"
      "@babel/helper-split-export-declaration" "^7.15.4"
      "@babel/parser" "^7.15.4"
      "@babel/types" "^7.15.4"
      "debug" "^4.1.0"
      "globals" "^11.1.0"
  
  "@babel/types@^7.14.9", "@babel/types@^7.15.4", "@babel/types@^7.15.6":
    "integrity" "sha512-BPU+7QhqNjmWyDO0/vitH/CuhpV8ZmK1wpKva8nuyNF5MJfuRNWMc+hc14+u9xT93kvykMdncrJT19h74uB1Ig=="
    "resolved" "https://registry.npmjs.org/@babel/types/-/types-7.15.6.tgz"
    "version" "7.15.6"
    dependencies:
      "@babel/helper-validator-identifier" "^7.14.9"
      "to-fast-properties" "^2.0.0"
  
  "@emotion/babel-plugin@^11.3.0":
    "integrity" "sha512-UZKwBV2rADuhRp+ZOGgNWg2eYgbzKzQXfQPtJbu/PLy8onurxlNCLvxMQEvlr1/GudguPI5IU9qIY1+2z1M5bA=="
    "resolved" "https://registry.npmjs.org/@emotion/babel-plugin/-/babel-plugin-11.3.0.tgz"
    "version" "11.3.0"
    dependencies:
      "@babel/helper-module-imports" "^7.12.13"
      "@babel/plugin-syntax-jsx" "^7.12.13"
      "@babel/runtime" "^7.13.10"
      "@emotion/hash" "^0.8.0"
      "@emotion/memoize" "^0.7.5"
      "@emotion/serialize" "^1.0.2"
      "babel-plugin-macros" "^2.6.1"
      "convert-source-map" "^1.5.0"
      "escape-string-regexp" "^4.0.0"
      "find-root" "^1.1.0"
      "source-map" "^0.5.7"
      "stylis" "^4.0.3"
  
  "@emotion/cache@^11.4.0", "@emotion/cache@^11.5.0":
    "integrity" "sha512-mAZ5QRpLriBtaj/k2qyrXwck6yeoz1V5lMt/jfj6igWU35yYlNKs2LziXVgvH81gnJZ+9QQNGelSsnuoAy6uIw=="
    "resolved" "https://registry.npmjs.org/@emotion/cache/-/cache-11.5.0.tgz"
    "version" "11.5.0"
    dependencies:
      "@emotion/memoize" "^0.7.4"
      "@emotion/sheet" "^1.0.3"
      "@emotion/utils" "^1.0.0"
      "@emotion/weak-memoize" "^0.2.5"
      "stylis" "^4.0.10"
  
  "@emotion/hash@^0.8.0":
    "integrity" "sha512-kBJtf7PH6aWwZ6fka3zQ0p6SBYzx4fl1LoZXE2RrnYST9Xljm7WfKJrU4g/Xr3Beg72MLrp1AWNUmuYJTL7Cow=="
    "resolved" "https://registry.npmjs.org/@emotion/hash/-/hash-0.8.0.tgz"
    "version" "0.8.0"
  
  "@emotion/is-prop-valid@^1.1.0":
    "integrity" "sha512-9RkilvXAufQHsSsjQ3PIzSns+pxuX4EW8EbGeSPjZMHuMx6z/MOzb9LpqNieQX4F3mre3NWS2+X3JNRHTQztUQ=="
    "resolved" "https://registry.npmjs.org/@emotion/is-prop-valid/-/is-prop-valid-1.1.0.tgz"
    "version" "1.1.0"
    dependencies:
      "@emotion/memoize" "^0.7.4"
  
  "@emotion/memoize@^0.7.4", "@emotion/memoize@^0.7.5":
    "integrity" "sha512-igX9a37DR2ZPGYtV6suZ6whr8pTFtyHL3K/oLUotxpSVO2ASaprmAe2Dkq7tBo7CRY7MMDrAa9nuQP9/YG8FxQ=="
    "resolved" "https://registry.npmjs.org/@emotion/memoize/-/memoize-0.7.5.tgz"
    "version" "0.7.5"
  
  "@emotion/react@^11.0.0-rc.0", "@emotion/react@^11.4.1", "@emotion/react@^11.5.0":
    "integrity" "sha512-MYq/bzp3rYbee4EMBORCn4duPQfgpiEB5XzrZEBnUZAL80Qdfr7CEv/T80jwaTl/dnZmt9SnTa8NkTrwFNpLlw=="
    "resolved" "https://registry.npmjs.org/@emotion/react/-/react-11.5.0.tgz"
    "version" "11.5.0"
    dependencies:
      "@babel/runtime" "^7.13.10"
      "@emotion/cache" "^11.5.0"
      "@emotion/serialize" "^1.0.2"
      "@emotion/sheet" "^1.0.3"
      "@emotion/utils" "^1.0.0"
      "@emotion/weak-memoize" "^0.2.5"
      "hoist-non-react-statics" "^3.3.1"
  
  "@emotion/serialize@^1.0.2":
    "integrity" "sha512-95MgNJ9+/ajxU7QIAruiOAdYNjxZX7G2mhgrtDWswA21VviYIRP1R5QilZ/bDY42xiKsaktP4egJb3QdYQZi1A=="
    "resolved" "https://registry.npmjs.org/@emotion/serialize/-/serialize-1.0.2.tgz"
    "version" "1.0.2"
    dependencies:
      "@emotion/hash" "^0.8.0"
      "@emotion/memoize" "^0.7.4"
      "@emotion/unitless" "^0.7.5"
      "@emotion/utils" "^1.0.0"
      "csstype" "^3.0.2"
  
  "@emotion/sheet@^1.0.3":
    "integrity" "sha512-YoX5GyQ4db7LpbmXHMuc8kebtBGP6nZfRC5Z13OKJMixBEwdZrJ914D6yJv/P+ZH/YY3F5s89NYX2hlZAf3SRQ=="
    "resolved" "https://registry.npmjs.org/@emotion/sheet/-/sheet-1.0.3.tgz"
    "version" "1.0.3"
  
  "@emotion/styled@^11.3.0":
    "integrity" "sha512-fUoLcN3BfMiLlRhJ8CuPUMEyKkLEoM+n+UyAbnqGEsCd5IzKQ7VQFLtzpJOaCD2/VR2+1hXQTnSZXVJeiTNltA=="
    "resolved" "https://registry.npmjs.org/@emotion/styled/-/styled-11.3.0.tgz"
    "version" "11.3.0"
    dependencies:
      "@babel/runtime" "^7.13.10"
      "@emotion/babel-plugin" "^11.3.0"
      "@emotion/is-prop-valid" "^1.1.0"
      "@emotion/serialize" "^1.0.2"
      "@emotion/utils" "^1.0.0"
  
  "@emotion/unitless@^0.7.5":
    "integrity" "sha512-OWORNpfjMsSSUBVrRBVGECkhWcULOAJz9ZW8uK9qgxD+87M7jHRcvh/A96XXNhXTLmKcoYSQtBEX7lHMO7YRwg=="
    "resolved" "https://registry.npmjs.org/@emotion/unitless/-/unitless-0.7.5.tgz"
    "version" "0.7.5"
  
  "@emotion/utils@^1.0.0":
    "integrity" "sha512-mQC2b3XLDs6QCW+pDQDiyO/EdGZYOygE8s5N5rrzjSI4M3IejPE/JPndCBwRT9z982aqQNi6beWs1UeayrQxxA=="
    "resolved" "https://registry.npmjs.org/@emotion/utils/-/utils-1.0.0.tgz"
    "version" "1.0.0"
  
  "@emotion/weak-memoize@^0.2.5":
    "integrity" "sha512-6U71C2Wp7r5XtFtQzYrW5iKFT67OixrSxjI4MptCHzdSVlgabczzqLe0ZSgnub/5Kp4hSbpDB1tMytZY9pwxxA=="
    "resolved" "https://registry.npmjs.org/@emotion/weak-memoize/-/weak-memoize-0.2.5.tgz"
    "version" "0.2.5"
  
  "@mui/core@5.0.0-alpha.51":
    "integrity" "sha512-Dum1SM5qk9eGeC6TLw6Au/53yuHqpkFM65hFYEtZccjJhUtdQMve+XVsmhgYPNkhiC0HyWgIR8Q5E1q5Fkc+pQ=="
    "resolved" "https://registry.npmjs.org/@mui/core/-/core-5.0.0-alpha.51.tgz"
    "version" "5.0.0-alpha.51"
    dependencies:
      "@babel/runtime" "^7.15.4"
      "@emotion/is-prop-valid" "^1.1.0"
      "@mui/utils" "^5.0.1"
      "clsx" "^1.1.1"
      "prop-types" "^15.7.2"
      "react-is" "^17.0.2"
  
  "@mui/material@^5.0.4":
    "integrity" "sha512-075EXSBHoEYeFkE5WDtXyxfd+bNIQRvqlgiouukvMqLGta1EmLq9H6+ONYV4I0Luug8NvNyRocVyRwdjH0Ufmw=="
    "resolved" "https://registry.npmjs.org/@mui/material/-/material-5.0.4.tgz"
    "version" "5.0.4"
    dependencies:
      "@babel/runtime" "^7.15.4"
      "@mui/core" "5.0.0-alpha.51"
      "@mui/system" "^5.0.4"
      "@mui/types" "^7.0.0"
      "@mui/utils" "^5.0.1"
      "@popperjs/core" "^2.4.4"
      "@types/react-transition-group" "^4.4.3"
      "clsx" "^1.1.1"
      "csstype" "^3.0.9"
      "hoist-non-react-statics" "^3.3.2"
      "prop-types" "^15.7.2"
      "react-is" "^17.0.2"
      "react-transition-group" "^4.4.2"
  
  "@mui/private-theming@^5.0.1":
    "integrity" "sha512-R8Cf2+32cG1OXFAqTighA5Mx9R5BQ57cN1ZVaNgfgdbI87Yig2fVMdFSPrw3txcjKlnwsvFJF8AdwQMqq1tJ3Q=="
    "resolved" "https://registry.npmjs.org/@mui/private-theming/-/private-theming-5.0.1.tgz"
    "version" "5.0.1"
    dependencies:
      "@babel/runtime" "^7.15.4"
      "@mui/utils" "^5.0.1"
      "prop-types" "^15.7.2"
  
  "@mui/styled-engine@^5.0.1":
    "integrity" "sha512-j40nCbaKr1HAZYqpX61XvZYsadYskjo3u6+pRFFaewSViAkkD1rjjbubpnh15nqVfYmijtHMZJ9/l1x1hamvfQ=="
    "resolved" "https://registry.npmjs.org/@mui/styled-engine/-/styled-engine-5.0.1.tgz"
    "version" "5.0.1"
    dependencies:
      "@babel/runtime" "^7.15.4"
      "@emotion/cache" "^11.4.0"
      "prop-types" "^15.7.2"
  
  "@mui/system@^5.0.4":
    "integrity" "sha512-d+7dhT0eBGrPoah91GX1Q2i4S/5QsiVAp7e06lIMC/LXFWQSrsSnvNbVnW8TgttCvo0ypQ/RHNmWZ/f1eAbd/Q=="
    "resolved" "https://registry.npmjs.org/@mui/system/-/system-5.0.4.tgz"
    "version" "5.0.4"
    dependencies:
      "@babel/runtime" "^7.15.4"
      "@mui/private-theming" "^5.0.1"
      "@mui/styled-engine" "^5.0.1"
      "@mui/types" "^7.0.0"
      "@mui/utils" "^5.0.1"
      "clsx" "^1.1.1"
      "csstype" "^3.0.9"
      "prop-types" "^15.7.2"
  
  "@mui/types@^7.0.0":
    "integrity" "sha512-M/tkF2pZ4uoPhZ8pnNhlVnOFtz6F3dnYKIsnj8MuXKT6d26IE2u0UjA8B0275ggN74dR9rlHG5xJt5jgDx/Ung=="
    "resolved" "https://registry.npmjs.org/@mui/types/-/types-7.0.0.tgz"
    "version" "7.0.0"
  
  "@mui/utils@^5.0.1":
    "integrity" "sha512-GWO104N+o9KG5fKiTEYnAg7kONKEg3vLN+VROAU0f3it6lFGLCVPcQYex/1gJ4QAy96u6Ez8/Hmmhi1+3cX0tQ=="
    "resolved" "https://registry.npmjs.org/@mui/utils/-/utils-5.0.1.tgz"
    "version" "5.0.1"
    dependencies:
      "@babel/runtime" "^7.15.4"
      "@types/prop-types" "^15.7.4"
      "@types/react-is" "^16.7.1 || ^17.0.0"
      "prop-types" "^15.7.2"
      "react-is" "^17.0.2"
  
  "@popperjs/core@^2.4.4":
    "integrity" "sha512-IXf3XA7+XyN7CP9gGh/XB0UxVMlvARGEgGXLubFICsUMGz6Q+DU+i4gGlpOxTjKvXjkJDJC8YdqdKkDj9qZHEQ=="
    "resolved" "https://registry.npmjs.org/@popperjs/core/-/core-2.10.2.tgz"
    "version" "2.10.2"
  
  "@rollup/pluginutils@^4.1.1":
    "integrity" "sha512-clDjivHqWGXi7u+0d2r2sBi4Ie6VLEAzWMIkvJLnDmxoOhBYOTfzGbOQBA32THHm11/LiJbd01tJUpJsbshSWQ=="
    "resolved" "https://registry.npmjs.org/@rollup/pluginutils/-/pluginutils-4.1.1.tgz"
    "version" "4.1.1"
    dependencies:
      "estree-walker" "^2.0.1"
      "picomatch" "^2.2.2"
  
  "@types/history@*":
    "integrity" "sha512-MUc6zSmU3tEVnkQ78q0peeEjKWPUADMlC/t++2bI8WnAG2tvYRPIgHG8lWkXwqc8MsUF6Z2MOf+Mh5sazOmhiQ=="
    "resolved" "https://registry.npmjs.org/@types/history/-/history-4.7.9.tgz"
    "version" "4.7.9"
  
  "@types/parse-json@^4.0.0":
    "integrity" "sha512-//oorEZjL6sbPcKUaCdIGlIUeH26mgzimjBB77G6XRgnDl/L5wOnpyBGRe/Mmf5CVW3PwEBE1NjiMZ/ssFh4wA=="
    "resolved" "https://registry.npmjs.org/@types/parse-json/-/parse-json-4.0.0.tgz"
    "version" "4.0.0"
  
  "@types/prop-types@*", "@types/prop-types@^15.7.4":
    "integrity" "sha512-rZ5drC/jWjrArrS8BR6SIr4cWpW09RNTYt9AMZo3Jwwif+iacXAqgVjm0B0Bv/S1jhDXKHqRVNCbACkJ89RAnQ=="
    "resolved" "https://registry.npmjs.org/@types/prop-types/-/prop-types-15.7.4.tgz"
    "version" "15.7.4"
  
  "@types/react-dom@^17.0.0":
    "integrity" "sha512-8oz3NAUId2z/zQdFI09IMhQPNgIbiP8Lslhv39DIDamr846/0spjZK0vnrMak0iB8EKb9QFTTIdg2Wj2zH5a3g=="
    "resolved" "https://registry.npmjs.org/@types/react-dom/-/react-dom-17.0.10.tgz"
    "version" "17.0.10"
    dependencies:
      "@types/react" "*"
  
  "@types/react-is@^16.7.1 || ^17.0.0":
    "integrity" "sha512-aBTIWg1emtu95bLTLx0cpkxwGW3ueZv71nE2YFBpL8k/z5czEW8yYpOo8Dp+UUAFAtKwNaOsh/ioSeQnWlZcfw=="
    "resolved" "https://registry.npmjs.org/@types/react-is/-/react-is-17.0.3.tgz"
    "version" "17.0.3"
    dependencies:
      "@types/react" "*"
  
  "@types/react-router-dom@^5.3.1":
    "integrity" "sha512-UvyRy73318QI83haXlaMwmklHHzV9hjl3u71MmM6wYNu0hOVk9NLTa0vGukf8zXUqnwz4O06ig876YSPpeK28A=="
    "resolved" "https://registry.npmjs.org/@types/react-router-dom/-/react-router-dom-5.3.1.tgz"
    "version" "5.3.1"
    dependencies:
      "@types/history" "*"
      "@types/react" "*"
      "@types/react-router" "*"
  
  "@types/react-router@*":
    "integrity" "sha512-RNSXOyb3VyRs/EOGmjBhhGKTbnN6fHWvy5FNLzWfOWOGjgVUKqJZXfpKzLmgoU8h6Hj8mpALj/mbXQASOb92wQ=="
    "resolved" "https://registry.npmjs.org/@types/react-router/-/react-router-5.1.17.tgz"
    "version" "5.1.17"
    dependencies:
      "@types/history" "*"
      "@types/react" "*"
  
  "@types/react-transition-group@^4.4.3":
    "integrity" "sha512-7gAPz7anVK5xzbeQW9wFBDg7G++aPLAFY0QaSMOou9rJZpbuI58WAuJrgu+qR92l61grlnCUe7AFX8KGahAgug=="
    "resolved" "https://registry.npmjs.org/@types/react-transition-group/-/react-transition-group-4.4.4.tgz"
    "version" "4.4.4"
    dependencies:
      "@types/react" "*"
  
  "@types/react@*", "@types/react@^16.8.6 || ^17.0.0", "@types/react@^17.0.0":
    "integrity" "sha512-MQSR5EL4JZtdWRvqDgz9kXhSDDoy2zMTYyg7UhP+FZ5ttUOocWyxiqFJiI57sUG0BtaEX7WDXYQlkCYkb3X9vQ=="
    "resolved" "https://registry.npmjs.org/@types/react/-/react-17.0.31.tgz"
    "version" "17.0.31"
    dependencies:
      "@types/prop-types" "*"
      "@types/scheduler" "*"
      "csstype" "^3.0.2"
  
  "@types/scheduler@*":
    "integrity" "sha512-hppQEBDmlwhFAXKJX2KnWLYu5yMfi91yazPb2l+lbJiwW+wdo1gNeRA+3RgNSO39WYX2euey41KEwnqesU2Jew=="
    "resolved" "https://registry.npmjs.org/@types/scheduler/-/scheduler-0.16.2.tgz"
    "version" "0.16.2"
  
  "@vitejs/plugin-react@^1.0.0":
    "integrity" "sha512-n92p2fMlo0FZED+y5WYt+tM1mnQsVxcjZ8HuTJhv9gU/nW2zHwEoCemU78Az0KvF+bgafv2AdU4VEnP24bppvw=="
    "resolved" "https://registry.npmjs.org/@vitejs/plugin-react/-/plugin-react-1.0.5.tgz"
    "version" "1.0.5"
    dependencies:
      "@babel/core" "^7.15.5"
      "@babel/plugin-transform-react-jsx" "^7.14.9"
      "@babel/plugin-transform-react-jsx-development" "^7.14.5"
      "@babel/plugin-transform-react-jsx-self" "^7.14.9"
      "@babel/plugin-transform-react-jsx-source" "^7.14.5"
      "@rollup/pluginutils" "^4.1.1"
      "react-refresh" "^0.10.0"
      "resolve" "^1.20.0"
  
  "ansi-styles@^3.2.1":
    "integrity" "sha512-VT0ZI6kZRdTh8YyJw3SMbYm/u+NqfsAxEpWO0Pf9sq8/e94WxxOpPKx9FR1FlyCtOVDNOQ+8ntlqFxiRc+r5qA=="
    "resolved" "https://registry.npmjs.org/ansi-styles/-/ansi-styles-3.2.1.tgz"
    "version" "3.2.1"
    dependencies:
      "color-convert" "^1.9.0"
  
  "babel-plugin-macros@^2.6.1":
    "integrity" "sha512-SEP5kJpfGYqYKpBrj5XU3ahw5p5GOHJ0U5ssOSQ/WBVdwkD2Dzlce95exQTs3jOVWPPKLBN2rlEWkCK7dSmLvg=="
    "resolved" "https://registry.npmjs.org/babel-plugin-macros/-/babel-plugin-macros-2.8.0.tgz"
    "version" "2.8.0"
    dependencies:
      "@babel/runtime" "^7.7.2"
      "cosmiconfig" "^6.0.0"
      "resolve" "^1.12.0"
  
  "browserslist@^4.16.6":
    "integrity" "sha512-Zg7RpbZpIJRW3am9Lyckue7PLytvVxxhJj1CaJVlCWENsGEAOlnlt8X0ZxGRPp7Bt9o8tIRM5SEXy4BCPMJjLQ=="
    "resolved" "https://registry.npmjs.org/browserslist/-/browserslist-4.17.4.tgz"
    "version" "4.17.4"
    dependencies:
      "caniuse-lite" "^1.0.30001265"
      "electron-to-chromium" "^1.3.867"
      "escalade" "^3.1.1"
      "node-releases" "^2.0.0"
      "picocolors" "^1.0.0"
  
  "callsites@^3.0.0":
    "integrity" "sha512-P8BjAsXvZS+VIDUI11hHCQEv74YT67YUi5JJFNWIqL235sBmjX4+qx9Muvls5ivyNENctx46xQLQ3aTuE7ssaQ=="
    "resolved" "https://registry.npmjs.org/callsites/-/callsites-3.1.0.tgz"
    "version" "3.1.0"
  
  "caniuse-lite@^1.0.30001265":
    "integrity" "sha512-TcIC7AyNWXhcOmv2KftOl1ShFAaHQYcB/EPL/hEyMrcS7ZX0/DvV1aoy6BzV0+16wTpoAyTMGDNAJfSqS/rz7A=="
    "resolved" "https://registry.npmjs.org/caniuse-lite/-/caniuse-lite-1.0.30001270.tgz"
    "version" "1.0.30001270"
  
  "chalk@^2.0.0":
    "integrity" "sha512-Mti+f9lpJNcwF4tWV8/OrTTtF1gZi+f8FqlyAdouralcFWFQWF2+NgCHShjkCb+IFBLq9buZwE1xckQU4peSuQ=="
    "resolved" "https://registry.npmjs.org/chalk/-/chalk-2.4.2.tgz"
    "version" "2.4.2"
    dependencies:
      "ansi-styles" "^3.2.1"
      "escape-string-regexp" "^1.0.5"
      "supports-color" "^5.3.0"
  
  "clsx@^1.1.1":
    "integrity" "sha512-6/bPho624p3S2pMyvP5kKBPXnI3ufHLObBFCfgx+LkeR5lg2XYy2hqZqUf45ypD8COn2bhgGJSUE+l5dhNBieA=="
    "resolved" "https://registry.npmjs.org/clsx/-/clsx-1.1.1.tgz"
    "version" "1.1.1"
  
  "color-convert@^1.9.0":
    "integrity" "sha512-QfAUtd+vFdAtFQcC8CCyYt1fYWxSqAiK2cSD6zDB8N3cpsEBAvRxp9zOGg6G/SHHJYAT88/az/IuDGALsNVbGg=="
    "resolved" "https://registry.npmjs.org/color-convert/-/color-convert-1.9.3.tgz"
    "version" "1.9.3"
    dependencies:
      "color-name" "1.1.3"
  
  "color-name@1.1.3":
    "integrity" "sha1-p9BVi9icQveV3UIyj3QIMcpTvCU="
    "resolved" "https://registry.npmjs.org/color-name/-/color-name-1.1.3.tgz"
    "version" "1.1.3"
  
  "convert-source-map@^1.5.0", "convert-source-map@^1.7.0":
    "integrity" "sha512-+OQdjP49zViI/6i7nIJpA8rAl4sV/JdPfU9nZs3VqOwGIgizICvuN2ru6fMd+4llL0tar18UYJXfZ/TWtmhUjA=="
    "resolved" "https://registry.npmjs.org/convert-source-map/-/convert-source-map-1.8.0.tgz"
    "version" "1.8.0"
    dependencies:
      "safe-buffer" "~5.1.1"
  
  "cosmiconfig@^6.0.0":
    "integrity" "sha512-xb3ZL6+L8b9JLLCx3ZdoZy4+2ECphCMo2PwqgP1tlfVq6M6YReyzBJtvWWtbDSpNr9hn96pkCiZqUcFEc+54Qg=="
    "resolved" "https://registry.npmjs.org/cosmiconfig/-/cosmiconfig-6.0.0.tgz"
    "version" "6.0.0"
    dependencies:
      "@types/parse-json" "^4.0.0"
      "import-fresh" "^3.1.0"
      "parse-json" "^5.0.0"
      "path-type" "^4.0.0"
      "yaml" "^1.7.2"
  
  "csstype@^3.0.2", "csstype@^3.0.9":
    "integrity" "sha512-rpw6JPxK6Rfg1zLOYCSwle2GFOOsnjmDYDaBwEcwoOg4qlsIVCN789VkBZDJAGi4T07gI4YSutR43t9Zz4Lzuw=="
    "resolved" "https://registry.npmjs.org/csstype/-/csstype-3.0.9.tgz"
    "version" "3.0.9"
  
  "debug@^4.1.0":
    "integrity" "sha512-mOp8wKcvj7XxC78zLgw/ZA+6TSgkoE2C/ienthhRD298T7UNwAg9diBpLRxC0mOezLl4B0xV7M0cCO6P/O0Xhw=="
    "resolved" "https://registry.npmjs.org/debug/-/debug-4.3.2.tgz"
    "version" "4.3.2"
    dependencies:
      "ms" "2.1.2"
  
  "dom-helpers@^5.0.1":
    "integrity" "sha512-nRCa7CK3VTrM2NmGkIy4cbK7IZlgBE/PYMn55rrXefr5xXDP0LdtfPnblFDoVdcAfslJ7or6iqAUnx0CCGIWQA=="
    "resolved" "https://registry.npmjs.org/dom-helpers/-/dom-helpers-5.2.1.tgz"
    "version" "5.2.1"
    dependencies:
      "@babel/runtime" "^7.8.7"
      "csstype" "^3.0.2"
  
  "electron-to-chromium@^1.3.867":
    "integrity" "sha512-a6LR4738psrubCtGx5HxM/gNlrIsh4eFTNnokgOqvQo81GWd07lLcOjITkAXn2y4lIp18vgS+DGnehj+/oEAxQ=="
    "resolved" "https://registry.npmjs.org/electron-to-chromium/-/electron-to-chromium-1.3.876.tgz"
    "version" "1.3.876"
  
  "error-ex@^1.3.1":
    "integrity" "sha512-7dFHNmqeFSEt2ZBsCriorKnn3Z2pj+fd9kmI6QoWw4//DL+icEBfc0U7qJCisqrTsKTjw4fNFy2pW9OqStD84g=="
    "resolved" "https://registry.npmjs.org/error-ex/-/error-ex-1.3.2.tgz"
    "version" "1.3.2"
    dependencies:
      "is-arrayish" "^0.2.1"
  
  "esbuild-windows-64@0.13.8":
    "integrity" "sha512-76Fb57B9eE/JmJi1QmUW0tRLQZfGo0it+JeYoCDTSlbTn7LV44ecOHIMJSSgZADUtRMWT9z0Kz186bnaB3amSg=="
    "resolved" "https://registry.npmjs.org/esbuild-windows-64/-/esbuild-windows-64-0.13.8.tgz"
    "version" "0.13.8"
  
  "esbuild@^0.13.2":
    "integrity" "sha512-A4af7G7YZLfG5OnARJRMtlpEsCkq/zHZQXewgPA864l9D6VjjbH1SuFYK/OSV6BtHwDGkdwyRrX0qQFLnMfUcw=="
    "resolved" "https://registry.npmjs.org/esbuild/-/esbuild-0.13.8.tgz"
    "version" "0.13.8"
    optionalDependencies:
      "esbuild-android-arm64" "0.13.8"
      "esbuild-darwin-64" "0.13.8"
      "esbuild-darwin-arm64" "0.13.8"
      "esbuild-freebsd-64" "0.13.8"
      "esbuild-freebsd-arm64" "0.13.8"
      "esbuild-linux-32" "0.13.8"
      "esbuild-linux-64" "0.13.8"
      "esbuild-linux-arm" "0.13.8"
      "esbuild-linux-arm64" "0.13.8"
      "esbuild-linux-mips64le" "0.13.8"
      "esbuild-linux-ppc64le" "0.13.8"
      "esbuild-netbsd-64" "0.13.8"
      "esbuild-openbsd-64" "0.13.8"
      "esbuild-sunos-64" "0.13.8"
      "esbuild-windows-32" "0.13.8"
      "esbuild-windows-64" "0.13.8"
      "esbuild-windows-arm64" "0.13.8"
  
  "escalade@^3.1.1":
    "integrity" "sha512-k0er2gUkLf8O0zKJiAhmkTnJlTvINGv7ygDNPbeIsX/TJjGJZHuh9B2UxbsaEkmlEo9MfhrSzmhIlhRlI2GXnw=="
    "resolved" "https://registry.npmjs.org/escalade/-/escalade-3.1.1.tgz"
    "version" "3.1.1"
  
  "escape-string-regexp@^1.0.5":
    "integrity" "sha1-G2HAViGQqN/2rjuyzwIAyhMLhtQ="
    "resolved" "https://registry.npmjs.org/escape-string-regexp/-/escape-string-regexp-1.0.5.tgz"
    "version" "1.0.5"
  
  "escape-string-regexp@^4.0.0":
    "integrity" "sha512-TtpcNJ3XAzx3Gq8sWRzJaVajRs0uVxA2YAkdb1jm2YkPz4G6egUFAyA3n5vtEIZefPk5Wa4UXbKuS5fKkJWdgA=="
    "resolved" "https://registry.npmjs.org/escape-string-regexp/-/escape-string-regexp-4.0.0.tgz"
    "version" "4.0.0"
  
  "estree-walker@^2.0.1":
    "integrity" "sha512-Rfkk/Mp/DL7JVje3u18FxFujQlTNR2q6QfMSMB7AvCBx91NGj/ba3kCfza0f6dVDbw7YlRf/nDrn7pQrCCyQ/w=="
    "resolved" "https://registry.npmjs.org/estree-walker/-/estree-walker-2.0.2.tgz"
    "version" "2.0.2"
  
  "find-root@^1.1.0":
    "integrity" "sha512-NKfW6bec6GfKc0SGx1e07QZY9PE99u0Bft/0rzSD5k3sO/vwkVUpDUKVm5Gpp5Ue3YfShPFTX2070tDs5kB9Ng=="
    "resolved" "https://registry.npmjs.org/find-root/-/find-root-1.1.0.tgz"
    "version" "1.1.0"
  
  "function-bind@^1.1.1":
    "integrity" "sha512-yIovAzMX49sF8Yl58fSCWJ5svSLuaibPxXQJFLmBObTuCr0Mf1KiPopGM9NiFjiYBCbfaa2Fh6breQ6ANVTI0A=="
    "resolved" "https://registry.npmjs.org/function-bind/-/function-bind-1.1.1.tgz"
    "version" "1.1.1"
  
  "gensync@^1.0.0-beta.2":
    "integrity" "sha512-3hN7NaskYvMDLQY55gnW3NQ+mesEAepTqlg+VEbj7zzqEMBVNhzcGYYeqFo/TlYz6eQiFcp1HcsCZO+nGgS8zg=="
    "resolved" "https://registry.npmjs.org/gensync/-/gensync-1.0.0-beta.2.tgz"
    "version" "1.0.0-beta.2"
  
  "globals@^11.1.0":
    "integrity" "sha512-WOBp/EEGUiIsJSp7wcv/y6MO+lV9UoncWqxuFfm8eBwzWNgyfBd6Gz+IeKQ9jCmyhoH99g15M3T+QaVHFjizVA=="
    "resolved" "https://registry.npmjs.org/globals/-/globals-11.12.0.tgz"
    "version" "11.12.0"
  
  "has-flag@^3.0.0":
    "integrity" "sha1-tdRU3CGZriJWmfNGfloH87lVuv0="
    "resolved" "https://registry.npmjs.org/has-flag/-/has-flag-3.0.0.tgz"
    "version" "3.0.0"
  
  "has@^1.0.3":
    "integrity" "sha512-f2dvO0VU6Oej7RkWJGrehjbzMAjFp5/VKPp5tTpWIV4JHHZK1/BxbFRtf/siA2SWTe09caDmVtYYzWEIbBS4zw=="
    "resolved" "https://registry.npmjs.org/has/-/has-1.0.3.tgz"
    "version" "1.0.3"
    dependencies:
      "function-bind" "^1.1.1"
  
  "history@^4.9.0":
    "integrity" "sha512-36nwAD620w12kuzPAsyINPWJqlNbij+hpK1k9XRloDtym8mxzGYl2c17LnV6IAGB2Dmg4tEa7G7DlawS0+qjew=="
    "resolved" "https://registry.npmjs.org/history/-/history-4.10.1.tgz"
    "version" "4.10.1"
    dependencies:
      "@babel/runtime" "^7.1.2"
      "loose-envify" "^1.2.0"
      "resolve-pathname" "^3.0.0"
      "tiny-invariant" "^1.0.2"
      "tiny-warning" "^1.0.0"
      "value-equal" "^1.0.1"
  
  "hoist-non-react-statics@^3.1.0", "hoist-non-react-statics@^3.3.1", "hoist-non-react-statics@^3.3.2":
    "integrity" "sha512-/gGivxi8JPKWNm/W0jSmzcMPpfpPLc3dY/6GxhX2hQ9iGj3aDfklV4ET7NjKpSinLpJ5vafa9iiGIEZg10SfBw=="
    "resolved" "https://registry.npmjs.org/hoist-non-react-statics/-/hoist-non-react-statics-3.3.2.tgz"
    "version" "3.3.2"
    dependencies:
      "react-is" "^16.7.0"
  
  "import-fresh@^3.1.0":
    "integrity" "sha512-veYYhQa+D1QBKznvhUHxb8faxlrwUnxseDAbAp457E0wLNio2bOSKnjYDhMj+YiAq61xrMGhQk9iXVk5FzgQMw=="
    "resolved" "https://registry.npmjs.org/import-fresh/-/import-fresh-3.3.0.tgz"
    "version" "3.3.0"
    dependencies:
      "parent-module" "^1.0.0"
      "resolve-from" "^4.0.0"
  
  "is-arrayish@^0.2.1":
    "integrity" "sha1-d8mYQFJ6qOyxqLppe4BkWnqSap0="
    "resolved" "https://registry.npmjs.org/is-arrayish/-/is-arrayish-0.2.1.tgz"
    "version" "0.2.1"
  
  "is-core-module@^2.2.0":
    "integrity" "sha512-vd15qHsaqrRL7dtH6QNuy0ndJmRDrS9HAM1CAiSifNUFv4x1a0CCVsj18hJ1mShxIG6T2i1sO78MkP56r0nYRw=="
    "resolved" "https://registry.npmjs.org/is-core-module/-/is-core-module-2.8.0.tgz"
    "version" "2.8.0"
    dependencies:
      "has" "^1.0.3"
  
  "isarray@0.0.1":
    "integrity" "sha1-ihis/Kmo9Bd+Cav8YDiTmwXR7t8="
    "resolved" "https://registry.npmjs.org/isarray/-/isarray-0.0.1.tgz"
    "version" "0.0.1"
  
  "js-tokens@^3.0.0 || ^4.0.0", "js-tokens@^4.0.0":
    "integrity" "sha512-RdJUflcE3cUzKiMqQgsCu06FPu9UdIJO0beYbPhHN4k6apgJtifcoCtT9bcxOpYBtpD2kCM6Sbzg4CausW/PKQ=="
    "resolved" "https://registry.npmjs.org/js-tokens/-/js-tokens-4.0.0.tgz"
    "version" "4.0.0"
  
  "jsesc@^2.5.1":
    "integrity" "sha512-OYu7XEzjkCQ3C5Ps3QIZsQfNpqoJyZZA99wd9aWd05NCtC5pWOkShK2mkL6HXQR6/Cy2lbNdPlZBpuQHXE63gA=="
    "resolved" "https://registry.npmjs.org/jsesc/-/jsesc-2.5.2.tgz"
    "version" "2.5.2"
  
  "json-parse-even-better-errors@^2.3.0":
    "integrity" "sha512-xyFwyhro/JEof6Ghe2iz2NcXoj2sloNsWr/XsERDK/oiPCfaNhl5ONfp+jQdAZRQQ0IJWNzH9zIZF7li91kh2w=="
    "resolved" "https://registry.npmjs.org/json-parse-even-better-errors/-/json-parse-even-better-errors-2.3.1.tgz"
    "version" "2.3.1"
  
  "json5@^2.1.2":
    "integrity" "sha512-f+8cldu7X/y7RAJurMEJmdoKXGB/X550w2Nr3tTbezL6RwEE/iMcm+tZnXeoZtKuOq6ft8+CqzEkrIgx1fPoQA=="
    "resolved" "https://registry.npmjs.org/json5/-/json5-2.2.0.tgz"
    "version" "2.2.0"
    dependencies:
      "minimist" "^1.2.5"
  
  "lines-and-columns@^1.1.6":
    "integrity" "sha1-HADHQ7QzzQpOgHWPe2SldEDZ/wA="
    "resolved" "https://registry.npmjs.org/lines-and-columns/-/lines-and-columns-1.1.6.tgz"
    "version" "1.1.6"
  
  "loose-envify@^1.1.0", "loose-envify@^1.2.0", "loose-envify@^1.3.1", "loose-envify@^1.4.0":
    "integrity" "sha512-lyuxPGr/Wfhrlem2CL/UcnUc1zcqKAImBDzukY7Y5F/yQiNdko6+fRLevlw1HgMySw7f611UIY408EtxRSoK3Q=="
    "resolved" "https://registry.npmjs.org/loose-envify/-/loose-envify-1.4.0.tgz"
    "version" "1.4.0"
    dependencies:
      "js-tokens" "^3.0.0 || ^4.0.0"
  
  "mini-create-react-context@^0.4.0":
    "integrity" "sha512-YWCYEmd5CQeHGSAKrYvXgmzzkrvssZcuuQDDeqkT+PziKGMgE+0MCCtcKbROzocGBG1meBLl2FotlRwf4gAzbQ=="
    "resolved" "https://registry.npmjs.org/mini-create-react-context/-/mini-create-react-context-0.4.1.tgz"
    "version" "0.4.1"
    dependencies:
      "@babel/runtime" "^7.12.1"
      "tiny-warning" "^1.0.3"
  
  "minimist@^1.2.5":
    "integrity" "sha512-FM9nNUYrRBAELZQT3xeZQ7fmMOBg6nWNmJKTcgsJeaLstP/UODVpGsr5OhXhhXg6f+qtJ8uiZ+PUxkDWcgIXLw=="
    "resolved" "https://registry.npmjs.org/minimist/-/minimist-1.2.5.tgz"
    "version" "1.2.5"
  
  "ms@2.1.2":
    "integrity" "sha512-sGkPx+VjMtmA6MX27oA4FBFELFCZZ4S4XqeGOXCv68tT+jb3vk/RyaKWP0PTKyWtmLSM0b+adUTEvbs1PEaH2w=="
    "resolved" "https://registry.npmjs.org/ms/-/ms-2.1.2.tgz"
    "version" "2.1.2"
  
  "nanoid@^3.1.30":
    "integrity" "sha512-zJpuPDwOv8D2zq2WRoMe1HsfZthVewpel9CAvTfc/2mBD1uUT/agc5f7GHGWXlYkFvi1mVxe4IjvP2HNrop7nQ=="
    "resolved" "https://registry.npmjs.org/nanoid/-/nanoid-3.1.30.tgz"
    "version" "3.1.30"
  
  "node-releases@^2.0.0":
    "integrity" "sha512-CqyzN6z7Q6aMeF/ktcMVTzhAHCEpf8SOarwpzpf8pNBY2k5/oM34UHldUwp8VKI7uxct2HxSRdJjBaZeESzcxA=="
    "resolved" "https://registry.npmjs.org/node-releases/-/node-releases-2.0.1.tgz"
    "version" "2.0.1"
  
  "object-assign@^4.1.1":
    "integrity" "sha1-IQmtx5ZYh8/AXLvUQsrIv7s2CGM="
    "resolved" "https://registry.npmjs.org/object-assign/-/object-assign-4.1.1.tgz"
    "version" "4.1.1"
  
  "parent-module@^1.0.0":
    "integrity" "sha512-GQ2EWRpQV8/o+Aw8YqtfZZPfNRWZYkbidE9k5rpl/hC3vtHHBfGm2Ifi6qWV+coDGkrUKZAxE3Lot5kcsRlh+g=="
    "resolved" "https://registry.npmjs.org/parent-module/-/parent-module-1.0.1.tgz"
    "version" "1.0.1"
    dependencies:
      "callsites" "^3.0.0"
  
  "parse-json@^5.0.0":
    "integrity" "sha512-ayCKvm/phCGxOkYRSCM82iDwct8/EonSEgCSxWxD7ve6jHggsFl4fZVQBPRNgQoKiuV/odhFrGzQXZwbifC8Rg=="
    "resolved" "https://registry.npmjs.org/parse-json/-/parse-json-5.2.0.tgz"
    "version" "5.2.0"
    dependencies:
      "@babel/code-frame" "^7.0.0"
      "error-ex" "^1.3.1"
      "json-parse-even-better-errors" "^2.3.0"
      "lines-and-columns" "^1.1.6"
  
  "path-parse@^1.0.6":
    "integrity" "sha512-LDJzPVEEEPR+y48z93A0Ed0yXb8pAByGWo/k5YYdYgpY2/2EsOsksJrq7lOHxryrVOn1ejG6oAp8ahvOIQD8sw=="
    "resolved" "https://registry.npmjs.org/path-parse/-/path-parse-1.0.7.tgz"
    "version" "1.0.7"
  
  "path-to-regexp@^1.7.0":
    "integrity" "sha512-n43JRhlUKUAlibEJhPeir1ncUID16QnEjNpwzNdO3Lm4ywrBpBZ5oLD0I6br9evr1Y9JTqwRtAh7JLoOzAQdVA=="
    "resolved" "https://registry.npmjs.org/path-to-regexp/-/path-to-regexp-1.8.0.tgz"
    "version" "1.8.0"
    dependencies:
      "isarray" "0.0.1"
  
  "path-type@^4.0.0":
    "integrity" "sha512-gDKb8aZMDeD/tZWs9P6+q0J9Mwkdl6xMV8TjnGP3qJVJ06bdMgkbBlLU8IdfOsIsFz2BW1rNVT3XuNEl8zPAvw=="
    "resolved" "https://registry.npmjs.org/path-type/-/path-type-4.0.0.tgz"
    "version" "4.0.0"
  
  "picocolors@^1.0.0":
    "integrity" "sha512-1fygroTLlHu66zi26VoTDv8yRgm0Fccecssto+MhsZ0D/DGW2sm8E8AjW7NU5VVTRt5GxbeZ5qBuJr+HyLYkjQ=="
    "resolved" "https://registry.npmjs.org/picocolors/-/picocolors-1.0.0.tgz"
    "version" "1.0.0"
  
  "picomatch@^2.2.2":
    "integrity" "sha512-lY1Q/PiJGC2zOv/z391WOTD+Z02bCgsFfvxoXXf6h7kv9o+WmsmzYqrAwY63sNgOxE4xEdq0WyUnXfKeBrSvYw=="
    "resolved" "https://registry.npmjs.org/picomatch/-/picomatch-2.3.0.tgz"
    "version" "2.3.0"
  
  "postcss@^8.3.8":
    "integrity" "sha512-YYfvfUdWx+ECpr5Hgc6XRfsaux8LksL5ey8qTtWiuRXOpOF1YYMwAySdh0nSmwhZAFvvJ6rgiIkKVShu4x2T1Q=="
    "resolved" "https://registry.npmjs.org/postcss/-/postcss-8.3.10.tgz"
    "version" "8.3.10"
    dependencies:
      "nanoid" "^3.1.30"
      "picocolors" "^1.0.0"
      "source-map-js" "^0.6.2"
  
  "prop-types@^15.0.0", "prop-types@^15.6.2", "prop-types@^15.7.2":
    "integrity" "sha512-8QQikdH7//R2vurIJSutZ1smHYTcLpRWEOlHnzcWHmBYrOGUysKwSsrC89BCiFj3CbrfJ/nXFdJepOVrY1GCHQ=="
    "resolved" "https://registry.npmjs.org/prop-types/-/prop-types-15.7.2.tgz"
    "version" "15.7.2"
    dependencies:
      "loose-envify" "^1.4.0"
      "object-assign" "^4.1.1"
      "react-is" "^16.8.1"
  
  "react-dom@^17.0.0", "react-dom@^17.0.2", "react-dom@>=16.6.0":
    "integrity" "sha512-s4h96KtLDUQlsENhMn1ar8t2bEa+q/YAtj8pPPdIjPDGBDIVNsrD9aXNWqspUe6AzKCIG0C1HZZLqLV7qpOBGA=="
    "resolved" "https://registry.npmjs.org/react-dom/-/react-dom-17.0.2.tgz"
    "version" "17.0.2"
    dependencies:
      "loose-envify" "^1.1.0"
      "object-assign" "^4.1.1"
      "scheduler" "^0.20.2"
  
  "react-is@^16.6.0":
    "integrity" "sha512-24e6ynE2H+OKt4kqsOvNd8kBpV65zoxbA4BVsEOB3ARVWQki/DHzaUoC5KuON/BiccDaCCTZBuOcfZs70kR8bQ=="
    "resolved" "https://registry.npmjs.org/react-is/-/react-is-16.13.1.tgz"
    "version" "16.13.1"
  
  "react-is@^16.7.0":
    "integrity" "sha512-24e6ynE2H+OKt4kqsOvNd8kBpV65zoxbA4BVsEOB3ARVWQki/DHzaUoC5KuON/BiccDaCCTZBuOcfZs70kR8bQ=="
    "resolved" "https://registry.npmjs.org/react-is/-/react-is-16.13.1.tgz"
    "version" "16.13.1"
  
  "react-is@^16.8.1":
    "integrity" "sha512-24e6ynE2H+OKt4kqsOvNd8kBpV65zoxbA4BVsEOB3ARVWQki/DHzaUoC5KuON/BiccDaCCTZBuOcfZs70kR8bQ=="
    "resolved" "https://registry.npmjs.org/react-is/-/react-is-16.13.1.tgz"
    "version" "16.13.1"
  
  "react-is@^17.0.2":
    "integrity" "sha512-w2GsyukL62IJnlaff/nRegPQR94C/XXamvMWmSHRJ4y7Ts/4ocGRmTHvOs8PSE6pB3dWOrD/nueuU5sduBsQ4w=="
    "resolved" "https://registry.npmjs.org/react-is/-/react-is-17.0.2.tgz"
    "version" "17.0.2"
  
  "react-refresh@^0.10.0":
    "integrity" "sha512-PgidR3wST3dDYKr6b4pJoqQFpPGNKDSCDx4cZoshjXipw3LzO7mG1My2pwEzz2JVkF+inx3xRpDeQLFQGH/hsQ=="
    "resolved" "https://registry.npmjs.org/react-refresh/-/react-refresh-0.10.0.tgz"
    "version" "0.10.0"
  
  "react-router-dom@^5.3.0":
    "integrity" "sha512-ObVBLjUZsphUUMVycibxgMdh5jJ1e3o+KpAZBVeHcNQZ4W+uUGGWsokurzlF4YOldQYRQL4y6yFRWM4m3svmuQ=="
    "resolved" "https://registry.npmjs.org/react-router-dom/-/react-router-dom-5.3.0.tgz"
    "version" "5.3.0"
    dependencies:
      "@babel/runtime" "^7.12.13"
      "history" "^4.9.0"
      "loose-envify" "^1.3.1"
      "prop-types" "^15.6.2"
      "react-router" "5.2.1"
      "tiny-invariant" "^1.0.2"
      "tiny-warning" "^1.0.0"
  
  "react-router@5.2.1":
    "integrity" "sha512-lIboRiOtDLFdg1VTemMwud9vRVuOCZmUIT/7lUoZiSpPODiiH1UQlfXy+vPLC/7IWdFYnhRwAyNqA/+I7wnvKQ=="
    "resolved" "https://registry.npmjs.org/react-router/-/react-router-5.2.1.tgz"
    "version" "5.2.1"
    dependencies:
      "@babel/runtime" "^7.12.13"
      "history" "^4.9.0"
      "hoist-non-react-statics" "^3.1.0"
      "loose-envify" "^1.3.1"
      "mini-create-react-context" "^0.4.0"
      "path-to-regexp" "^1.7.0"
      "prop-types" "^15.6.2"
      "react-is" "^16.6.0"
      "tiny-invariant" "^1.0.2"
      "tiny-warning" "^1.0.0"
  
  "react-transition-group@^4.4.2":
    "integrity" "sha512-/RNYfRAMlZwDSr6z4zNKV6xu53/e2BuaBbGhbyYIXTrmgu/bGHzmqOs7mJSJBHy9Ud+ApHx3QjrkKSp1pxvlFg=="
    "resolved" "https://registry.npmjs.org/react-transition-group/-/react-transition-group-4.4.2.tgz"
    "version" "4.4.2"
    dependencies:
      "@babel/runtime" "^7.5.5"
      "dom-helpers" "^5.0.1"
      "loose-envify" "^1.4.0"
      "prop-types" "^15.6.2"
  
  "react@^0.14.0 || ^15.0.0 || ^16.0.0 || ^17.0.0", "react@^17.0.0", "react@^17.0.2", "react@>=15", "react@>=16.6.0", "react@>=16.8.0", "react@17.0.2":
    "integrity" "sha512-gnhPt75i/dq/z3/6q/0asP78D0u592D5L1pd7M8P+dck6Fu/jJeL6iVVK23fptSUZj8Vjf++7wXA8UNclGQcbA=="
    "resolved" "https://registry.npmjs.org/react/-/react-17.0.2.tgz"
    "version" "17.0.2"
    dependencies:
      "loose-envify" "^1.1.0"
      "object-assign" "^4.1.1"
  
  "regenerator-runtime@^0.13.4":
    "integrity" "sha512-p3VT+cOEgxFsRRA9X4lkI1E+k2/CtnKtU4gcxyaCUreilL/vqI6CdZ3wxVUx3UOUg+gnUOQQcRI7BmSI656MYA=="
    "resolved" "https://registry.npmjs.org/regenerator-runtime/-/regenerator-runtime-0.13.9.tgz"
    "version" "0.13.9"
  
  "resolve-from@^4.0.0":
    "integrity" "sha512-pb/MYmXstAkysRFx8piNI1tGFNQIFA3vkE3Gq4EuA1dF6gHp/+vgZqsCGJapvy8N3Q+4o7FwvquPJcnZ7RYy4g=="
    "resolved" "https://registry.npmjs.org/resolve-from/-/resolve-from-4.0.0.tgz"
    "version" "4.0.0"
  
  "resolve-pathname@^3.0.0":
    "integrity" "sha512-C7rARubxI8bXFNB/hqcp/4iUeIXJhJZvFPFPiSPRnhU5UPxzMFIl+2E6yY6c4k9giDJAhtV+enfA+G89N6Csng=="
    "resolved" "https://registry.npmjs.org/resolve-pathname/-/resolve-pathname-3.0.0.tgz"
    "version" "3.0.0"
  
  "resolve@^1.12.0", "resolve@^1.20.0":
    "integrity" "sha512-wENBPt4ySzg4ybFQW2TT1zMQucPK95HSh/nq2CFTZVOGut2+pQvSsgtda4d26YrYcr067wjbmzOG8byDPBX63A=="
    "resolved" "https://registry.npmjs.org/resolve/-/resolve-1.20.0.tgz"
    "version" "1.20.0"
    dependencies:
      "is-core-module" "^2.2.0"
      "path-parse" "^1.0.6"
  
  "rollup@^2.57.0":
    "integrity" "sha512-NOXpusKnaRpbS7ZVSzcEXqxcLDOagN6iFS8p45RkoiMqPHDLwJm758UF05KlMoCRbLBTZsPOIa887gZJ1AiXvw=="
    "resolved" "https://registry.npmjs.org/rollup/-/rollup-2.58.0.tgz"
    "version" "2.58.0"
    optionalDependencies:
      "fsevents" "~2.3.2"
  
  "safe-buffer@~5.1.1":
    "integrity" "sha512-Gd2UZBJDkXlY7GbJxfsE8/nvKkUEU1G38c1siN6QP6a9PT9MmHB8GnpscSmMJSoF8LOIrt8ud/wPtojys4G6+g=="
    "resolved" "https://registry.npmjs.org/safe-buffer/-/safe-buffer-5.1.2.tgz"
    "version" "5.1.2"
  
  "scheduler@^0.20.2":
    "integrity" "sha512-2eWfGgAqqWFGqtdMmcL5zCMK1U8KlXv8SQFGglL3CEtd0aDVDWgeF/YoCmvln55m5zSk3J/20hTaSBeSObsQDQ=="
    "resolved" "https://registry.npmjs.org/scheduler/-/scheduler-0.20.2.tgz"
    "version" "0.20.2"
    dependencies:
      "loose-envify" "^1.1.0"
      "object-assign" "^4.1.1"
  
  "semver@^6.3.0":
    "integrity" "sha512-b39TBaTSfV6yBrapU89p5fKekE2m/NwnDocOVruQFS1/veMgdzuPcnOM34M6CwxW8jH/lxEa5rBoDeUwu5HHTw=="
    "resolved" "https://registry.npmjs.org/semver/-/semver-6.3.0.tgz"
    "version" "6.3.0"
  
  "source-map-js@^0.6.2":
    "integrity" "sha512-/3GptzWzu0+0MBQFrDKzw/DvvMTUORvgY6k6jd/VS6iCR4RDTKWH6v6WPwQoUO8667uQEf9Oe38DxAYWY5F/Ug=="
    "resolved" "https://registry.npmjs.org/source-map-js/-/source-map-js-0.6.2.tgz"
    "version" "0.6.2"
  
  "source-map@^0.5.0", "source-map@^0.5.7":
    "integrity" "sha1-igOdLRAh0i0eoUyA2OpGi6LvP8w="
    "resolved" "https://registry.npmjs.org/source-map/-/source-map-0.5.7.tgz"
    "version" "0.5.7"
  
  "stylis@^4.0.10", "stylis@^4.0.3":
    "integrity" "sha512-m3k+dk7QeJw660eIKRRn3xPF6uuvHs/FFzjX3HQ5ove0qYsiygoAhwn5a3IYKaZPo5LrYD0rfVmtv1gNY1uYwg=="
    "resolved" "https://registry.npmjs.org/stylis/-/stylis-4.0.10.tgz"
    "version" "4.0.10"
  
  "supports-color@^5.3.0":
    "integrity" "sha512-QjVjwdXIt408MIiAqCX4oUKsgU2EqAGzs2Ppkm4aQYbjm+ZEWEcW4SfFNTr4uMNZma0ey4f5lgLrkB0aX0QMow=="
    "resolved" "https://registry.npmjs.org/supports-color/-/supports-color-5.5.0.tgz"
    "version" "5.5.0"
    dependencies:
      "has-flag" "^3.0.0"
  
  "tiny-invariant@^1.0.2":
    "integrity" "sha512-ytxQvrb1cPc9WBEI/HSeYYoGD0kWnGEOR8RY6KomWLBVhqz0RgTwVO9dLrGz7dC+nN9llyI7OKAgRq8Vq4ZBSw=="
    "resolved" "https://registry.npmjs.org/tiny-invariant/-/tiny-invariant-1.1.0.tgz"
    "version" "1.1.0"
  
  "tiny-warning@^1.0.0", "tiny-warning@^1.0.3":
    "integrity" "sha512-lBN9zLN/oAf68o3zNXYrdCt1kP8WsiGW8Oo2ka41b2IM5JL/S1CTyX1rW0mb/zSuJun0ZUrDxx4sqvYS2FWzPA=="
    "resolved" "https://registry.npmjs.org/tiny-warning/-/tiny-warning-1.0.3.tgz"
    "version" "1.0.3"
  
  "to-fast-properties@^2.0.0":
    "integrity" "sha1-3F5pjL0HkmW8c+A3doGk5Og/YW4="
    "resolved" "https://registry.npmjs.org/to-fast-properties/-/to-fast-properties-2.0.0.tgz"
    "version" "2.0.0"
  
  "typescript@^4.3.2":
    "integrity" "sha512-DqGhF5IKoBl8WNf8C1gu8q0xZSInh9j1kJJMqT3a94w1JzVaBU4EXOSMrz9yDqMT0xt3selp83fuFMQ0uzv6qA=="
    "resolved" "https://registry.npmjs.org/typescript/-/typescript-4.4.4.tgz"
    "version" "4.4.4"
  
  "value-equal@^1.0.1":
    "integrity" "sha512-NOJ6JZCAWr0zlxZt+xqCHNTEKOsrks2HQd4MqhP1qy4z1SkbEP467eNx6TgDKXMvUOb+OENfJCZwM+16n7fRfw=="
    "resolved" "https://registry.npmjs.org/value-equal/-/value-equal-1.0.1.tgz"
    "version" "1.0.1"
  
  "vite@^2.6.4":
    "integrity" "sha512-XbevwpDJMs3lKiGEj0UQScsOCpwHIjFgfzPnFVkPgnxsF9oPv1uGyckLg58XkXv6LnO46KN9yZqJzINFmAxtUg=="
    "resolved" "https://registry.npmjs.org/vite/-/vite-2.6.10.tgz"
    "version" "2.6.10"
    dependencies:
      "esbuild" "^0.13.2"
      "postcss" "^8.3.8"
      "resolve" "^1.20.0"
      "rollup" "^2.57.0"
    optionalDependencies:
      "fsevents" "~2.3.2"
  
  "yaml@^1.7.2":
    "integrity" "sha512-r3vXyErRCYJ7wg28yvBY5VSoAF8ZvlcW9/BwUzEtUsjvX/DKs24dIkuwjtuprwJJHsbyUbLApepYTR1BN4uHrg=="
    "resolved" "https://registry.npmjs.org/yaml/-/yaml-1.10.2.tgz"
    "version" "1.10.2"
